<?xml version="1.0" encoding="UTF-8"?>
<!-- Generated by org.testng.reporters.JUnitXMLReporter -->
<testsuite ignored="0" hostname="Neudesic49SB384" failures="0" tests="4" name="Test" time="38.778" errors="0" timestamp="2025-07-22T20:56:52 IST">
  <testcase classname="testCases.TC_003LoginDataDriven" name="Verifylogin_DataDriven" time="3.324"/>
  <testcase classname="testCases.TC_003LoginDataDriven" name="Verifylogin_DataDriven" time="3.141"/>
  <testcase classname="testCases.TC_003LoginDataDriven" name="Verifylogin_DataDriven" time="11.72"/>
  <testcase classname="testCases.TC_003LoginDataDriven" name="Verifylogin_DataDriven" time="12.724"/>
</testsuite> <!-- Test -->
