<?xml version="1.0" encoding="UTF-8"?>
<!-- Generated by org.testng.reporters.JUnitXMLReporter -->
<testsuite ignored="0" hostname="Neudesic49SB384" failures="1" tests="2" name="Test" time="28.784" errors="0" timestamp="2025-07-18T13:57:03 IST">
  <testcase classname="testCases.TC_001AccountRegistrationTest" name="verify_Accoutnregistration" time="3.379"/>
  <testcase classname="testCases.TC_002LoginTest" name="Verifylogin" time="11.877">
    <failure type="java.lang.AssertionError" message="expected [true] but found [false]">
      <![CDATA[java.lang.AssertionError: expected [true] but found [false]
at testCases.TC_002LoginTest.Verifylogin(TC_002LoginTest.java:28)
at java.base/java.util.ArrayList.forEach(ArrayList.java:1596)
... Removed 29 stack frames]]>
    </failure>
  </testcase> <!-- Verifylogin -->
</testsuite> <!-- Test -->
