<?xml version="1.0" encoding="UTF-8"?>
<testng-results ignored="0" total="4" passed="4" failed="0" skipped="0">
  <reporter-output>
  </reporter-output>
  <suite started-at="2025-07-22T09:01:08 IST" name="Master Suite" finished-at="2025-07-22T09:01:37 IST" duration-ms="29084">
    <groups>
      <group name="Master">
        <method signature="TC_003LoginDataDriven.Verifylogin_DataDriven(java.lang.String,java.lang.String,java.lang.String)[pri:0, instance:testCases.TC_003LoginDataDriven@3f67593e]" name="Verifylogin_DataDriven" class="testCases.TC_003LoginDataDriven"/>
      </group> <!-- Master -->
      <group name="DataDriven">
        <method signature="TC_003LoginDataDriven.Verifylogin_DataDriven(java.lang.String,java.lang.String,java.lang.String)[pri:0, instance:testCases.TC_003LoginDataDriven@3f67593e]" name="Verifylogin_DataDriven" class="testCases.TC_003LoginDataDriven"/>
      </group> <!-- DataDriven -->
    </groups>
    <test started-at="2025-07-22T09:01:08 IST" name="Test" finished-at="2025-07-22T09:01:37 IST" duration-ms="29084">
      <class name="testCases.TC_003LoginDataDriven">
        <test-method is-config="true" signature="setup(java.lang.String,java.lang.String)[pri:0, instance:testCases.TC_003LoginDataDriven@3f67593e]" started-at="2025-07-22T09:01:08 IST" name="setup" finished-at="2025-07-22T09:01:12 IST" duration-ms="3283" status="PASS">
          <params>
            <param index="0">
              <value>
                <![CDATA[Windows]]>
              </value>
            </param>
            <param index="1">
              <value>
                <![CDATA[chrome]]>
              </value>
            </param>
          </params>
          <reporter-output>
          </reporter-output>
        </test-method> <!-- setup -->
        <test-method signature="Verifylogin_DataDriven(java.lang.String,java.lang.String,java.lang.String)[pri:0, instance:testCases.TC_003LoginDataDriven@3f67593e]" started-at="2025-07-22T09:01:13 IST" name="Verifylogin_DataDriven" data-provider="Logindata" finished-at="2025-07-22T09:01:14 IST" duration-ms="1725" status="PASS">
          <params>
            <param index="0">
              <value>
                <![CDATA[KNRGH@gmail.com]]>
              </value>
            </param>
            <param index="1">
              <value>
                <![CDATA[iRC@982]]>
              </value>
            </param>
            <param index="2">
              <value>
                <![CDATA[valid]]>
              </value>
            </param>
          </params>
          <reporter-output>
          </reporter-output>
        </test-method> <!-- Verifylogin_DataDriven -->
        <test-method signature="Verifylogin_DataDriven(java.lang.String,java.lang.String,java.lang.String)[pri:0, instance:testCases.TC_003LoginDataDriven@3f67593e]" started-at="2025-07-22T09:01:14 IST" name="Verifylogin_DataDriven" data-provider="Logindata" finished-at="2025-07-22T09:01:16 IST" duration-ms="1512" status="PASS">
          <params>
            <param index="0">
              <value>
                <![CDATA[HAUSP@gmail.com]]>
              </value>
            </param>
            <param index="1">
              <value>
                <![CDATA[GrI@299]]>
              </value>
            </param>
            <param index="2">
              <value>
                <![CDATA[valid]]>
              </value>
            </param>
          </params>
          <reporter-output>
          </reporter-output>
        </test-method> <!-- Verifylogin_DataDriven -->
        <test-method signature="Verifylogin_DataDriven(java.lang.String,java.lang.String,java.lang.String)[pri:0, instance:testCases.TC_003LoginDataDriven@3f67593e]" started-at="2025-07-22T09:01:16 IST" name="Verifylogin_DataDriven" data-provider="Logindata" finished-at="2025-07-22T09:01:26 IST" duration-ms="10556" status="PASS">
          <params>
            <param index="0">
              <value>
                <![CDATA[KNRGH@gmail.com]]>
              </value>
            </param>
            <param index="1">
              <value>
                <![CDATA[iRC@9821]]>
              </value>
            </param>
            <param index="2">
              <value>
                <![CDATA[invalid]]>
              </value>
            </param>
          </params>
          <reporter-output>
          </reporter-output>
        </test-method> <!-- Verifylogin_DataDriven -->
        <test-method signature="Verifylogin_DataDriven(java.lang.String,java.lang.String,java.lang.String)[pri:0, instance:testCases.TC_003LoginDataDriven@3f67593e]" started-at="2025-07-22T09:01:26 IST" name="Verifylogin_DataDriven" data-provider="Logindata" finished-at="2025-07-22T09:01:37 IST" duration-ms="10677" status="PASS">
          <params>
            <param index="0">
              <value>
                <![CDATA[HAUSP@gmail.com]]>
              </value>
            </param>
            <param index="1">
              <value>
                <![CDATA[GrI@2991]]>
              </value>
            </param>
            <param index="2">
              <value>
                <![CDATA[invalid]]>
              </value>
            </param>
          </params>
          <reporter-output>
          </reporter-output>
        </test-method> <!-- Verifylogin_DataDriven -->
        <test-method is-config="true" signature="teardown()[pri:0, instance:testCases.TC_003LoginDataDriven@3f67593e]" started-at="2025-07-22T09:01:37 IST" name="teardown" finished-at="2025-07-22T09:01:37 IST" duration-ms="297" status="PASS">
          <reporter-output>
          </reporter-output>
        </test-method> <!-- teardown -->
      </class> <!-- testCases.TC_003LoginDataDriven -->
    </test> <!-- Test -->
  </suite> <!-- Master Suite -->
</testng-results>
