<?xml version="1.0" encoding="UTF-8"?>
<testsuite xmlns:xsi="http://www.w3.org/2001/XMLSchema-instance" xsi:noNamespaceSchemaLocation="https://maven.apache.org/surefire/maven-surefire-plugin/xsd/surefire-test-report.xsd" version="3.0.2" name="TestSuite" time="42.407" tests="4" errors="0" skipped="0" failures="0">
  <properties>
[...]
</properties>
  <testcase name="Verifylogin_DataDriven[KNRGH@gmail.com, iRC@982, valid](1)" classname="testCases.TC_003LoginDataDriven" time="3.337">
    <system-err><![CDATA[2025-07-22T15:26:10.650521500Z main DEBUG Apache Log4j Core 2.25 initializing configuration XmlConfiguration[location=C:\Users\Abhilash.Surapaneni\Desktop\Eclipse-Workspace2\OpenCartTest\target\test-classes\log4j2.xml, lastModified=2025-07-18T00:36:09.591Z]
2025-07-22T15:26:10.653522Z main DEBUG PluginManager 'Core' found 134 plugins
2025-07-22T15:26:10.653522Z main DEBUG PluginManager 'Level' found 0 plugins
2025-07-22T15:26:10.660033900Z main DEBUG Building Plugin[name=Property, class=org.apache.logging.log4j.core.config.Property].
2025-07-22T15:26:10.679554200Z main TRACE TypeConverterRegistry initializing.
2025-07-22T15:26:10.680063Z main DEBUG PluginManager 'TypeConverter' found 26 plugins
2025-07-22T15:26:10.688068200Z main DEBUG createProperty(name="log-path", value="./logs", Configuration(C:\Users\Abhilash.Surapaneni\Desktop\Eclipse-Workspace2\OpenCartTest\target\test-classes\log4j2.xml))
2025-07-22T15:26:10.691588100Z main DEBUG Building Plugin[name=Property, class=org.apache.logging.log4j.core.config.Property].
2025-07-22T15:26:10.692586300Z main DEBUG createProperty(name="log-pattern", value="%d{yyyy-MM-dd HH:mm:ss} %-5p %c{1}:%L - %m%n", Configuration(C:\Users\Abhilash.Surapaneni\Desktop\Eclipse-Workspace2\OpenCartTest\target\test-classes\log4j2.xml))
2025-07-22T15:26:10.692586300Z main DEBUG Building Plugin[name=Properties, class=org.apache.logging.log4j.core.config.PropertiesPlugin].
2025-07-22T15:26:10.695584100Z main DEBUG configureSubstitutor(={log-path=./logs, log-pattern=%d{yyyy-MM-dd HH:mm:ss} %-5p %c{1}:%L - %m%n}, Configuration(C:\Users\Abhilash.Surapaneni\Desktop\Eclipse-Workspace2\OpenCartTest\target\test-classes\log4j2.xml))
2025-07-22T15:26:10.699587300Z main DEBUG PluginManager 'Lookup' found 16 plugins
2025-07-22T15:26:10.699587300Z main DEBUG Building Plugin[name=layout, class=org.apache.logging.log4j.core.layout.PatternLayout].
2025-07-22T15:26:10.718883800Z main DEBUG PatternLayout$Builder(pattern="%d{yyyy-MM-dd HH:mm:ss} %-5p %c{1}:%L - %m%n", PatternSelector=null, Configuration(C:\Users\Abhilash.Surapaneni\Desktop\Eclipse-Workspace2\OpenCartTest\target\test-classes\log4j2.xml), Replace=null, charset="null", alwaysWriteExceptions="null", disableAnsi="null", noConsoleNoAnsi="null", header="null", footer="null")
2025-07-22T15:26:10.720391500Z main DEBUG PluginManager 'Converter' found 45 plugins
2025-07-22T15:26:10.758165700Z main DEBUG Building Plugin[name=appender, class=org.apache.logging.log4j.core.appender.ConsoleAppender].
2025-07-22T15:26:10.770984900Z main DEBUG ConsoleAppender$Builder(target="SYSTEM_OUT", follow="null", direct="null", bufferedIo="null", bufferSize="null", immediateFlush="null", ignoreExceptions="null", PatternLayout(%d{yyyy-MM-dd HH:mm:ss} %-5p %c{1}:%L - %m%n), name="Console", Configuration(C:\Users\Abhilash.Surapaneni\Desktop\Eclipse-Workspace2\OpenCartTest\target\test-classes\log4j2.xml), Filter=null, ={})
2025-07-22T15:26:10.772982400Z main DEBUG Starting OutputStreamManager SYSTEM_OUT.false.false
2025-07-22T15:26:10.772982400Z main DEBUG Building Plugin[name=layout, class=org.apache.logging.log4j.core.layout.PatternLayout].
2025-07-22T15:26:10.773981700Z main DEBUG PatternLayout$Builder(pattern="%d{yyyy-MM-dd HH:mm:ss} %-5p %c{1}:%L - %m%n", PatternSelector=null, Configuration(C:\Users\Abhilash.Surapaneni\Desktop\Eclipse-Workspace2\OpenCartTest\target\test-classes\log4j2.xml), Replace=null, charset="null", alwaysWriteExceptions="null", disableAnsi="null", noConsoleNoAnsi="null", header="null", footer="null")
2025-07-22T15:26:10.774981600Z main DEBUG Building Plugin[name=TimeBasedTriggeringPolicy, class=org.apache.logging.log4j.core.appender.rolling.TimeBasedTriggeringPolicy].
2025-07-22T15:26:10.776982700Z main DEBUG TimeBasedTriggeringPolicy$Builder(interval="null", modulate="null", maxRandomDelay="null")
2025-07-22T15:26:10.776982700Z main DEBUG Building Plugin[name=SizeBasedTriggeringPolicy, class=org.apache.logging.log4j.core.appender.rolling.SizeBasedTriggeringPolicy].
2025-07-22T15:26:10.776982700Z main DEBUG createPolicy(size="50KB")
2025-07-22T15:26:10.779490500Z main DEBUG Building Plugin[name=Policies, class=org.apache.logging.log4j.core.appender.rolling.CompositeTriggeringPolicy].
2025-07-22T15:26:10.779490500Z main DEBUG createPolicy(={TimeBasedTriggeringPolicy(nextRolloverMillis=0, interval=1, modulate=false), SizeBasedTriggeringPolicy(size=51200)})
2025-07-22T15:26:10.780499300Z main DEBUG Building Plugin[name=DefaultRolloverStrategy, class=org.apache.logging.log4j.core.appender.rolling.DefaultRolloverStrategy].
2025-07-22T15:26:10.785502300Z main DEBUG DefaultRolloverStrategy$Builder(max="10", min="null", fileIndex="null", compressionLevel="null", ={}, stopCustomActionsOnError="null", tempCompressedFilePattern="null", Configuration(C:\Users\Abhilash.Surapaneni\Desktop\Eclipse-Workspace2\OpenCartTest\target\test-classes\log4j2.xml))
2025-07-22T15:26:10.785502300Z main DEBUG Building Plugin[name=appender, class=org.apache.logging.log4j.core.appender.RollingFileAppender].
2025-07-22T15:26:10.790012Z main DEBUG RollingFileAppender$Builder(fileName="./logs/automation.log", filePattern="./logs/automation-%d{MM-dd-yyyy}-%i.log.gz", append="null", locking="null", Policies(CompositeTriggeringPolicy(policies=[TimeBasedTriggeringPolicy(nextRolloverMillis=0, interval=1, modulate=false), SizeBasedTriggeringPolicy(size=51200)])), DefaultRolloverStrategy(DefaultRolloverStrategy(min=1, max=10, useMax=true)), advertise="null", advertiseUri="null", createOnDemand="null", filePermissions="null", fileOwner="null", fileGroup="null", bufferedIo="null", bufferSize="null", immediateFlush="null", ignoreExceptions="null", PatternLayout(%d{yyyy-MM-dd HH:mm:ss} %-5p %c{1}:%L - %m%n), name="File", Configuration(C:\Users\Abhilash.Surapaneni\Desktop\Eclipse-Workspace2\OpenCartTest\target\test-classes\log4j2.xml), Filter=null, ={})
2025-07-22T15:26:10.795023500Z main TRACE New file './logs/automation.log' created = false
2025-07-22T15:26:10.796023300Z main DEBUG Returning file creation time for C:\Users\Abhilash.Surapaneni\Desktop\Eclipse-Workspace2\OpenCartTest\.\logs\automation.log
2025-07-22T15:26:10.796023300Z main DEBUG Starting RollingFileManager ./logs/automation.log
2025-07-22T15:26:10.798028400Z main DEBUG PluginManager 'FileConverter' found 2 plugins
2025-07-22T15:26:10.802546900Z main DEBUG Setting prev file time to 2025-07-22T07:12:59.736+0530
2025-07-22T15:26:10.803546700Z main DEBUG Initializing triggering policy CompositeTriggeringPolicy(policies=[TimeBasedTriggeringPolicy(nextRolloverMillis=0, interval=1, modulate=false), SizeBasedTriggeringPolicy(size=51200)])
2025-07-22T15:26:10.803546700Z main DEBUG Initializing triggering policy TimeBasedTriggeringPolicy(nextRolloverMillis=0, interval=1, modulate=false)
2025-07-22T15:26:10.804547400Z main TRACE PatternProcessor.getNextTime returning 2025/07/23-00:00:00.000, nextFileTime=2025/07/22-00:00:00.000, prevFileTime=1970/01/01-05:30:00.000, current=2025/07/22-20:56:10.804, freq=DAILY
2025-07-22T15:26:10.804547400Z main TRACE PatternProcessor.getNextTime returning 2025/07/23-00:00:00.000, nextFileTime=2025/07/22-00:00:00.000, prevFileTime=2025/07/22-00:00:00.000, current=2025/07/22-20:56:10.804, freq=DAILY
2025-07-22T15:26:10.805547Z main DEBUG Initializing triggering policy SizeBasedTriggeringPolicy(size=51200)
2025-07-22T15:26:10.805547Z main DEBUG Building Plugin[name=Appenders, class=org.apache.logging.log4j.core.config.AppendersPlugin].
2025-07-22T15:26:10.805547Z main DEBUG createAppenders(={Console, File})
2025-07-22T15:26:10.805547Z main DEBUG Building Plugin[name=AppenderRef, class=org.apache.logging.log4j.core.config.AppenderRef].
2025-07-22T15:26:10.806546500Z main DEBUG createAppenderRef(ref="File", level="null", Filter=null)
2025-07-22T15:26:10.808056400Z main DEBUG Building Plugin[name=Root, class=org.apache.logging.log4j.core.config.LoggerConfig$RootLogger].
2025-07-22T15:26:10.810568800Z main DEBUG LoggerConfig$RootLogger$Builder(additivity="null", level="ALL", levelAndRefs="null", includeLocation="null", ={File}, ={}, Configuration(C:\Users\Abhilash.Surapaneni\Desktop\Eclipse-Workspace2\OpenCartTest\target\test-classes\log4j2.xml), Filter=null)
2025-07-22T15:26:10.811569900Z main DEBUG Building Plugin[name=Loggers, class=org.apache.logging.log4j.core.config.LoggersPlugin].
2025-07-22T15:26:10.812568300Z main DEBUG createLoggers(={root})
2025-07-22T15:26:10.812568300Z main DEBUG Configuration XmlConfiguration[location=C:\Users\Abhilash.Surapaneni\Desktop\Eclipse-Workspace2\OpenCartTest\target\test-classes\log4j2.xml, lastModified=2025-07-18T00:36:09.591Z] initialized
2025-07-22T15:26:10.812568300Z main INFO Starting configuration XmlConfiguration[location=C:\Users\Abhilash.Surapaneni\Desktop\Eclipse-Workspace2\OpenCartTest\target\test-classes\log4j2.xml, lastModified=2025-07-18T00:36:09.591Z]...
2025-07-22T15:26:10.813568100Z main INFO Configuration XmlConfiguration[location=C:\Users\Abhilash.Surapaneni\Desktop\Eclipse-Workspace2\OpenCartTest\target\test-classes\log4j2.xml, lastModified=2025-07-18T00:36:09.591Z] started.
2025-07-22T15:26:10.817573500Z main INFO Stopping configuration org.apache.logging.log4j.core.config.DefaultConfiguration@5bfa9431...
2025-07-22T15:26:10.817573500Z main TRACE DefaultConfiguration notified 1 ReliabilityStrategies that config will be stopped.
2025-07-22T15:26:10.817573500Z main TRACE DefaultConfiguration stopping root LoggerConfig.
2025-07-22T15:26:10.817573500Z main TRACE DefaultConfiguration notifying ReliabilityStrategies that appenders will be stopped.
2025-07-22T15:26:10.817573500Z main TRACE DefaultConfiguration stopping remaining Appenders.
2025-07-22T15:26:10.818568800Z main DEBUG Shutting down OutputStreamManager SYSTEM_OUT.false.false-1
2025-07-22T15:26:10.818568800Z main DEBUG OutputStream closed
2025-07-22T15:26:10.818568800Z main DEBUG Shut down OutputStreamManager SYSTEM_OUT.false.false-1, all resources released: true
2025-07-22T15:26:10.818568800Z main DEBUG Appender DefaultConsole-1 stopped with status true
2025-07-22T15:26:10.818568800Z main TRACE DefaultConfiguration stopped 1 remaining Appenders.
2025-07-22T15:26:10.818568800Z main TRACE DefaultConfiguration cleaning Appenders from 1 LoggerConfigs.
2025-07-22T15:26:10.818568800Z main INFO Configuration org.apache.logging.log4j.core.config.DefaultConfiguration@5bfa9431 stopped.
2025-07-22T15:26:10.821081700Z main TRACE Using default SystemClock for timestamps.
2025-07-22T15:26:10.821081700Z main DEBUG org.apache.logging.log4j.core.util.SystemClock supports precise timestamps.
2025-07-22T15:26:10.821081700Z main TRACE Using DummyNanoClock for nanosecond timestamps.
2025-07-22T15:26:10.822086100Z main DEBUG Reconfiguration complete for context[name=11a4022a] at URI C:\Users\Abhilash.Surapaneni\Desktop\Eclipse-Workspace2\OpenCartTest\target\test-classes\log4j2.xml (org.apache.logging.log4j.core.LoggerContext@3a44431a) with optional ClassLoader: null
2025-07-22T15:26:10.822086100Z main DEBUG Shutdown hook enabled. Registering a new one.
2025-07-22T15:26:10.823083100Z main DEBUG LoggerContext[name=11a4022a, org.apache.logging.log4j.core.LoggerContext@3a44431a] started OK.
2025-07-22T15:26:10.854786600Z main TRACE Log4jLoggerFactory.getContext() found anchor class org.testng.log4testng.Logger
2025-07-22T15:26:10.962995200Z main TRACE Log4jLoggerFactory.getContext() found anchor class org.testng.log4testng.Logger
2025-07-22T15:26:10.971516100Z main TRACE Log4jLoggerFactory.getContext() found anchor class org.testng.log4testng.Logger
2025-07-22T15:26:11.042820400Z main TRACE Log4jLoggerFactory.getContext() found anchor class org.testng.log4testng.Logger
2025-07-22T15:26:11.086892500Z main TRACE Log4jLoggerFactory.getContext() found anchor class org.testng.log4testng.Logger
2025-07-22T15:26:11.294027400Z main TRACE Log4jLoggerFactory.getContext() found anchor class org.testng.log4testng.Logger
]]></system-err>
  </testcase>
  <testcase name="Verifylogin_DataDriven[HAUSP@gmail.com, GrI@299, valid](2)" classname="testCases.TC_003LoginDataDriven" time="3.134"/>
  <testcase name="Verifylogin_DataDriven[KNRGH@gmail.com, iRC@9821, invalid](3)" classname="testCases.TC_003LoginDataDriven" time="11.721"/>
  <testcase name="Verifylogin_DataDriven[HAUSP@gmail.com, GrI@2991, invalid](4)" classname="testCases.TC_003LoginDataDriven" time="12.725"/>
</testsuite>