<?xml version="1.0" encoding="UTF-8"?>
<testng-results ignored="0" total="4" passed="4" failed="0" skipped="0">
  <reporter-output>
  </reporter-output>
  <suite started-at="2025-07-22T20:56:11 IST" name="Master Suite" finished-at="2025-07-22T20:56:49 IST" duration-ms="38778">
    <groups>
      <group name="Master">
        <method signature="TC_003LoginDataDriven.Verifylogin_DataDriven(java.lang.String,java.lang.String,java.lang.String)[pri:0, instance:testCases.TC_003LoginDataDriven@1ab06251]" name="Verifylogin_DataDriven" class="testCases.TC_003LoginDataDriven"/>
      </group> <!-- Master -->
      <group name="DataDriven">
        <method signature="TC_003LoginDataDriven.Verifylogin_DataDriven(java.lang.String,java.lang.String,java.lang.String)[pri:0, instance:testCases.TC_003LoginDataDriven@1ab06251]" name="Verifylogin_DataDriven" class="testCases.TC_003LoginDataDriven"/>
      </group> <!-- DataDriven -->
    </groups>
    <test started-at="2025-07-22T20:56:11 IST" name="Test" finished-at="2025-07-22T20:56:49 IST" duration-ms="38778">
      <class name="testCases.TC_003LoginDataDriven">
        <test-method is-config="true" signature="setup(java.lang.String,java.lang.String)[pri:0, instance:testCases.TC_003LoginDataDriven@1ab06251]" started-at="2025-07-22T20:56:11 IST" name="setup" finished-at="2025-07-22T20:56:17 IST" duration-ms="6423" status="PASS">
          <params>
            <param index="0">
              <value>
                <![CDATA[Windows]]>
              </value>
            </param>
            <param index="1">
              <value>
                <![CDATA[chrome]]>
              </value>
            </param>
          </params>
          <reporter-output>
          </reporter-output>
        </test-method> <!-- setup -->
        <test-method signature="Verifylogin_DataDriven(java.lang.String,java.lang.String,java.lang.String)[pri:0, instance:testCases.TC_003LoginDataDriven@1ab06251]" started-at="2025-07-22T20:56:18 IST" name="Verifylogin_DataDriven" data-provider="Logindata" finished-at="2025-07-22T20:56:21 IST" duration-ms="3324" status="PASS">
          <params>
            <param index="0">
              <value>
                <![CDATA[KNRGH@gmail.com]]>
              </value>
            </param>
            <param index="1">
              <value>
                <![CDATA[iRC@982]]>
              </value>
            </param>
            <param index="2">
              <value>
                <![CDATA[valid]]>
              </value>
            </param>
          </params>
          <reporter-output>
          </reporter-output>
        </test-method> <!-- Verifylogin_DataDriven -->
        <test-method signature="Verifylogin_DataDriven(java.lang.String,java.lang.String,java.lang.String)[pri:0, instance:testCases.TC_003LoginDataDriven@1ab06251]" started-at="2025-07-22T20:56:22 IST" name="Verifylogin_DataDriven" data-provider="Logindata" finished-at="2025-07-22T20:56:25 IST" duration-ms="3141" status="PASS">
          <params>
            <param index="0">
              <value>
                <![CDATA[HAUSP@gmail.com]]>
              </value>
            </param>
            <param index="1">
              <value>
                <![CDATA[GrI@299]]>
              </value>
            </param>
            <param index="2">
              <value>
                <![CDATA[valid]]>
              </value>
            </param>
          </params>
          <reporter-output>
          </reporter-output>
        </test-method> <!-- Verifylogin_DataDriven -->
        <test-method signature="Verifylogin_DataDriven(java.lang.String,java.lang.String,java.lang.String)[pri:0, instance:testCases.TC_003LoginDataDriven@1ab06251]" started-at="2025-07-22T20:56:25 IST" name="Verifylogin_DataDriven" data-provider="Logindata" finished-at="2025-07-22T20:56:36 IST" duration-ms="11720" status="PASS">
          <params>
            <param index="0">
              <value>
                <![CDATA[KNRGH@gmail.com]]>
              </value>
            </param>
            <param index="1">
              <value>
                <![CDATA[iRC@9821]]>
              </value>
            </param>
            <param index="2">
              <value>
                <![CDATA[invalid]]>
              </value>
            </param>
          </params>
          <reporter-output>
          </reporter-output>
        </test-method> <!-- Verifylogin_DataDriven -->
        <test-method signature="Verifylogin_DataDriven(java.lang.String,java.lang.String,java.lang.String)[pri:0, instance:testCases.TC_003LoginDataDriven@1ab06251]" started-at="2025-07-22T20:56:36 IST" name="Verifylogin_DataDriven" data-provider="Logindata" finished-at="2025-07-22T20:56:49 IST" duration-ms="12724" status="PASS">
          <params>
            <param index="0">
              <value>
                <![CDATA[HAUSP@gmail.com]]>
              </value>
            </param>
            <param index="1">
              <value>
                <![CDATA[GrI@2991]]>
              </value>
            </param>
            <param index="2">
              <value>
                <![CDATA[invalid]]>
              </value>
            </param>
          </params>
          <reporter-output>
          </reporter-output>
        </test-method> <!-- Verifylogin_DataDriven -->
        <test-method is-config="true" signature="teardown()[pri:0, instance:testCases.TC_003LoginDataDriven@1ab06251]" started-at="2025-07-22T20:56:49 IST" name="teardown" finished-at="2025-07-22T20:56:49 IST" duration-ms="285" status="PASS">
          <reporter-output>
          </reporter-output>
        </test-method> <!-- teardown -->
      </class> <!-- testCases.TC_003LoginDataDriven -->
    </test> <!-- Test -->
  </suite> <!-- Master Suite -->
</testng-results>
