<?xml version="1.0" encoding="UTF-8"?>
<!-- Generated by org.testng.reporters.JUnitXMLReporter -->
<testsuite ignored="0" hostname="Neudesic49SB384" failures="1" tests="1" name="Test" time="6.8" errors="0" timestamp="2025-07-18T08:11:05 IST">
  <testcase classname="testCases.TC_002LoginTest" name="Verifylogin" time="0.64">
    <failure type="java.lang.AssertionError" message="null">
      <![CDATA[java.lang.AssertionError: null
at testCases.TC_002LoginTest.Verifylogin(TC_002LoginTest.java:37)
at java.base/java.util.ArrayList.forEach(ArrayList.java:1596)
... Removed 27 stack frames]]>
    </failure>
  </testcase> <!-- Verifylogin -->
</testsuite> <!-- Test -->
