<?xml version="1.0" encoding="UTF-8"?>
<testng-results ignored="0" total="1" passed="1" failed="0" skipped="0">
  <reporter-output>
  </reporter-output>
  <suite started-at="2025-07-18T14:06:26 IST" name="Failed suite [Master Suite]" finished-at="2025-07-18T14:06:36 IST" duration-ms="10697">
    <groups>
      <group name="Master">
        <method signature="TC_002LoginTest.Verifylogin()[pri:0, instance:testCases.TC_002LoginTest@2e2ff723]" name="Verifylogin" class="testCases.TC_002LoginTest"/>
      </group> <!-- Master -->
      <group name="Sanity">
        <method signature="TC_002LoginTest.Verifylogin()[pri:0, instance:testCases.TC_002LoginTest@2e2ff723]" name="Verifylogin" class="testCases.TC_002LoginTest"/>
      </group> <!-- Sanity -->
    </groups>
    <test started-at="2025-07-18T14:06:26 IST" name="Test(failed)" finished-at="2025-07-18T14:06:36 IST" duration-ms="10697">
      <class name="testCases.TC_002LoginTest">
        <test-method is-config="true" signature="setup(java.lang.String,java.lang.String)[pri:0, instance:testCases.TC_002LoginTest@2e2ff723]" started-at="2025-07-18T14:06:26 IST" name="setup" finished-at="2025-07-18T14:06:33 IST" duration-ms="6829" status="PASS">
          <params>
            <param index="0">
              <value>
                <![CDATA[Windows]]>
              </value>
            </param>
            <param index="1">
              <value>
                <![CDATA[chrome]]>
              </value>
            </param>
          </params>
          <reporter-output>
          </reporter-output>
        </test-method> <!-- setup -->
        <test-method signature="Verifylogin()[pri:0, instance:testCases.TC_002LoginTest@2e2ff723]" started-at="2025-07-18T14:06:33 IST" name="Verifylogin" finished-at="2025-07-18T14:06:36 IST" duration-ms="3448" status="PASS">
          <reporter-output>
          </reporter-output>
        </test-method> <!-- Verifylogin -->
        <test-method is-config="true" signature="teardown()[pri:0, instance:testCases.TC_002LoginTest@2e2ff723]" started-at="2025-07-18T14:06:36 IST" name="teardown" finished-at="2025-07-18T14:06:36 IST" duration-ms="243" status="PASS">
          <reporter-output>
          </reporter-output>
        </test-method> <!-- teardown -->
      </class> <!-- testCases.TC_002LoginTest -->
    </test> <!-- Test(failed) -->
  </suite> <!-- Failed suite [Master Suite] -->
</testng-results>
