<?xml version="1.0" encoding="UTF-8"?>
<!-- Generated by org.testng.reporters.JUnitReportReporter -->
<testsuite hostname="Neudesic49SB384" failures="0" tests="4" name="testCases.TC_003LoginDataDriven" time="30.066" errors="0" timestamp="2025-07-18T10:32:41 IST" skipped="0">
  <testcase classname="testCases.TC_003LoginDataDriven" name="Verifylogin_DataDriven" time="3.111"/>
  <testcase classname="testCases.TC_003LoginDataDriven" name="Verifylogin_DataDriven" time="10.827"/>
  <testcase classname="testCases.TC_003LoginDataDriven" name="Verifylogin_DataDriven" time="13.025"/>
  <testcase classname="testCases.TC_003LoginDataDriven" name="Verifylogin_DataDriven" time="3.103"/>
</testsuite> <!-- testCases.TC_003LoginDataDriven -->
