<?xml version="1.0" encoding="UTF-8"?>
<!-- Generated by org.testng.reporters.JUnitReportReporter -->
<testsuite hostname="Neudesic49SB384" failures="0" tests="4" name="testCases.TC_003LoginDataDriven" time="30.909" errors="0" timestamp="2025-07-22T20:56:52 IST" skipped="0">
  <testcase classname="testCases.TC_003LoginDataDriven" name="Verifylogin_DataDriven" time="3.141"/>
  <testcase classname="testCases.TC_003LoginDataDriven" name="Verifylogin_DataDriven" time="12.724"/>
  <testcase classname="testCases.TC_003LoginDataDriven" name="Verifylogin_DataDriven" time="3.324"/>
  <testcase classname="testCases.TC_003LoginDataDriven" name="Verifylogin_DataDriven" time="11.720"/>
</testsuite> <!-- testCases.TC_003LoginDataDriven -->
