<?xml version="1.0" encoding="UTF-8"?>
<!-- Generated by org.testng.reporters.JUnitReportReporter -->
<testsuite hostname="Neudesic49SB384" failures="0" tests="4" name="testCases.TC_003LoginDataDriven" time="24.470" errors="0" timestamp="2025-07-22T09:01:40 IST" skipped="0">
  <testcase classname="testCases.TC_003LoginDataDriven" name="Verifylogin_DataDriven" time="1.725"/>
  <testcase classname="testCases.TC_003LoginDataDriven" name="Verifylogin_DataDriven" time="10.556"/>
  <testcase classname="testCases.TC_003LoginDataDriven" name="Verifylogin_DataDriven" time="1.512"/>
  <testcase classname="testCases.TC_003LoginDataDriven" name="Verifylogin_DataDriven" time="10.677"/>
</testsuite> <!-- testCases.TC_003LoginDataDriven -->
